
MODEL :  A1
SEED  :  0
HOST  :  7574709303cc
START :  2019-03-14 07:10:31.440174
DEVICE:  cpu
Train time: 0:29:47.584175

YEAR	AVG_RWD		VIOLATIONS
				DAY	BATT
2000	 1.33		0	 0
2001	 1.35		0	 0
2002	 1.26		0	 0
2003	 1.34		0	 0
2004	 1.26		0	 0
2005	 1.36		0	 0
2006	 1.36		0	 0
2007	 1.33		0	 0
2008	 1.35		0	 0
2009	 1.32		0	 0
2010	 1.29		0	 0
2011	 1.33		0	 0
2012	 1.27		0	 0
2013	 1.3		0	 0
2014	 1.26		0	 0
2015	 1.29		0	 0
2016	 1.35		0	 0
2017	 1.3		0	 0
2018	 1.28		0	 0

TOTAL Day Violations:   0.0
TOTAL Batt Violations:  0.0
************************************

MODEL :  A1
SEED  :  1
HOST  :  7574709303cc
START :  2019-03-14 07:10:31.479127
DEVICE:  cpu
Train time: 0:29:36.011557

YEAR	AVG_RWD		VIOLATIONS
				DAY	BATT
2000	 1.35		0	 0
2001	 1.38		0	 0
2002	 1.27		0	 0
2003	 1.34		0	 0
2004	 1.28		1	 0
2005	 1.36		0	 0
2006	 1.36		0	 0
2007	 1.36		1	 0
2008	 1.34		0	 0
2009	 1.35		0	 0
2010	 1.32		1	 0
2011	 1.36		0	 0
2012	 1.3		0	 0
2013	 1.33		0	 0
2014	 1.29		1	 0
2015	 1.33		0	 0
2016	 1.36		2	 0
2017	 1.32		0	 0
2018	 1.34		2	 0

TOTAL Day Violations:   8.0
TOTAL Batt Violations:  0.0
************************************

MODEL :  A1
SEED  :  2
HOST  :  7574709303cc
START :  2019-03-14 07:10:31.463431
DEVICE:  cpu
Train time: 0:29:49.369576

YEAR	AVG_RWD		VIOLATIONS
				DAY	BATT
2000	 1.41		0	 0
2001	 1.44		0	 0
2002	 1.31		0	 0
2003	 1.4		0	 0
2004	 1.34		2	 0
2005	 1.43		0	 0
2006	 1.43		0	 0
2007	 1.42		2	 0
2008	 1.4		0	 0
2009	 1.4		0	 0
2010	 1.37		1	 0
2011	 1.41		1	 0
2012	 1.36		0	 0
2013	 1.38		0	 0
2014	 1.35		1	 0
2015	 1.39		0	 0
2016	 1.43		2	 0
2017	 1.39		0	 0
2018	 1.39		2	 0

TOTAL Day Violations:   11.0
TOTAL Batt Violations:  0.0
************************************

MODEL :  A1
SEED  :  3
HOST  :  7574709303cc
START :  2019-03-14 07:10:31.535936
DEVICE:  cpu
Train time: 0:29:20.372831

YEAR	AVG_RWD		VIOLATIONS
				DAY	BATT
2000	 1.41		0	 0
2001	 1.41		0	 0
2002	 1.35		0	 0
2003	 1.4		0	 0
2004	 1.32		2	 0
2005	 1.41		0	 0
2006	 1.43		0	 0
2007	 1.4		2	 0
2008	 1.42		0	 0
2009	 1.42		0	 0
2010	 1.37		0	 0
2011	 1.38		1	 0
2012	 1.34		1	 0
2013	 1.35		0	 0
2014	 1.34		1	 0
2015	 1.37		0	 0
2016	 1.42		2	 0
2017	 1.35		1	 0
2018	 1.36		5	 0

TOTAL Day Violations:   15.0
TOTAL Batt Violations:  0.0
************************************

MODEL :  A1
SEED  :  4
HOST  :  7574709303cc
START :  2019-03-14 07:10:31.439633
DEVICE:  cpu
Train time: 0:29:20.143814

YEAR	AVG_RWD		VIOLATIONS
				DAY	BATT
2000	 1.13		0	 0
2001	 1.14		0	 0
2002	 1.1		1	 0
2003	 1.13		1	 0
2004	 1.06		4	 0
2005	 1.11		1	 0
2006	 1.15		0	 0
2007	 1.12		3	 1
2008	 1.14		2	 0
2009	 1.13		0	 0
2010	 1.1		2	 0
2011	 1.08		5	 0
2012	 1.09		2	 0
2013	 1.1		4	 0
2014	 1.08		5	 0
2015	 1.12		2	 0
2016	 1.13		6	 0
2017	 1.07		5	 0
2018	 1.09		6	 0

TOTAL Day Violations:   49.0
TOTAL Batt Violations:  1.0
************************************

MODEL :  A1
SEED  :  5
HOST  :  7574709303cc
START :  2019-03-14 07:10:31.479204
DEVICE:  cpu
Train time: 0:29:28.619420

YEAR	AVG_RWD		VIOLATIONS
				DAY	BATT
2000	 1.2		3	 0
2001	 1.22		2	 0
2002	 1.12		3	 2
2003	 1.22		1	 0
2004	 1.12		7	 0
2005	 1.23		1	 0
2006	 1.27		3	 0
2007	 1.19		8	 0
2008	 1.2		2	 1
2009	 1.22		1	 0
2010	 1.13		6	 1
2011	 1.2		6	 0
2012	 1.11		6	 0
2013	 1.13		11	 1
2014	 1.1		6	 0
2015	 1.15		7	 0
2016	 1.22		7	 1
2017	 1.14		10	 0
2018	 1.13		11	 0

TOTAL Day Violations:   101.0
TOTAL Batt Violations:  6.0
************************************

MODEL :  A1
SEED  :  6
HOST  :  7574709303cc
START :  2019-03-14 07:10:31.521089
DEVICE:  cpu
Train time: 0:30:02.415139

YEAR	AVG_RWD		VIOLATIONS
				DAY	BATT
2000	 1.46		0	 0
2001	 1.45		0	 0
2002	 1.37		1	 0
2003	 1.43		2	 0
2004	 1.37		3	 0
2005	 1.51		1	 0
2006	 1.49		1	 0
2007	 1.44		6	 0
2008	 1.49		2	 0
2009	 1.47		0	 0
2010	 1.42		3	 0
2011	 1.47		5	 0
2012	 1.4		4	 0
2013	 1.41		7	 0
2014	 1.37		4	 0
2015	 1.38		3	 0
2016	 1.46		6	 0
2017	 1.37		5	 0
2018	 1.38		6	 0

TOTAL Day Violations:   59.0
TOTAL Batt Violations:  0.0
************************************

MODEL :  A1
SEED  :  7
HOST  :  7574709303cc
START :  2019-03-14 07:10:31.597888
DEVICE:  cpu
Train time: 0:29:41.400472

YEAR	AVG_RWD		VIOLATIONS
				DAY	BATT
2000	 1.26		0	 0
2001	 1.29		0	 0
2002	 1.19		0	 0
2003	 1.28		0	 0
2004	 1.22		0	 0
2005	 1.34		0	 0
2006	 1.31		0	 0
2007	 1.28		0	 0
2008	 1.32		0	 0
2009	 1.28		0	 0
2010	 1.25		0	 0
2011	 1.33		0	 0
2012	 1.24		0	 0
2013	 1.26		0	 0
2014	 1.2		0	 0
2015	 1.23		0	 0
2016	 1.3		0	 0
2017	 1.25		0	 0
2018	 1.25		0	 0

TOTAL Day Violations:   0.0
TOTAL Batt Violations:  0.0
************************************

MODEL :  A1
SEED  :  8
HOST  :  7574709303cc
START :  2019-03-14 07:10:31.427709
DEVICE:  cpu
Train time: 0:29:50.835410

YEAR	AVG_RWD		VIOLATIONS
				DAY	BATT
2000	 1.35		0	 0
2001	 1.37		0	 0
2002	 1.28		0	 0
2003	 1.35		0	 0
2004	 1.26		0	 0
2005	 1.37		0	 0
2006	 1.38		0	 0
2007	 1.36		0	 0
2008	 1.38		0	 0
2009	 1.36		0	 0
2010	 1.31		0	 0
2011	 1.32		0	 0
2012	 1.29		0	 0
2013	 1.3		0	 0
2014	 1.27		0	 0
2015	 1.33		0	 0
2016	 1.35		0	 0
2017	 1.27		0	 0
2018	 1.3		1	 0

TOTAL Day Violations:   1.0
TOTAL Batt Violations:  0.0
************************************

MODEL :  A1
SEED  :  9
HOST  :  7574709303cc
START :  2019-03-14 07:10:31.576679
DEVICE:  cpu
Train time: 0:29:34.718159

YEAR	AVG_RWD		VIOLATIONS
				DAY	BATT
2000	 1.35		0	 0
2001	 1.39		0	 0
2002	 1.26		0	 0
2003	 1.36		0	 0
2004	 1.28		1	 0
2005	 1.39		0	 0
2006	 1.39		0	 0
2007	 1.34		1	 0
2008	 1.36		0	 0
2009	 1.36		0	 0
2010	 1.3		0	 0
2011	 1.36		0	 0
2012	 1.28		1	 0
2013	 1.31		0	 0
2014	 1.27		2	 0
2015	 1.3		0	 0
2016	 1.35		1	 0
2017	 1.31		0	 0
2018	 1.31		1	 0

TOTAL Day Violations:   7.0
TOTAL Batt Violations:  0.0
************************************
