
MODEL :  A3
SEED  :  0
HOST  :  7574709303cc
START :  2019-03-14 07:49:05.382015
DEVICE:  cpu
Train time: 0:29:50.923883

YEAR	AVG_RWD		VIOLATIONS
				DAY	BATT
2000	 1.3		0	 0
2001	 1.37		0	 0
2002	 1.24		1	 0
2003	 1.32		0	 0
2004	 1.26		1	 0
2005	 1.38		0	 0
2006	 1.33		0	 0
2007	 1.33		2	 0
2008	 1.36		0	 0
2009	 1.31		0	 0
2010	 1.29		1	 0
2011	 1.38		2	 0
2012	 1.28		0	 0
2013	 1.3		2	 0
2014	 1.26		3	 0
2015	 1.27		1	 0
2016	 1.33		2	 0
2017	 1.32		0	 0
2018	 1.28		4	 0

TOTAL Day Violations:   19.0
TOTAL Batt Violations:  0.0
************************************

MODEL :  A3
SEED  :  1
HOST  :  7574709303cc
START :  2019-03-14 07:49:05.449776
DEVICE:  cpu
Train time: 0:29:55.508336

YEAR	AVG_RWD		VIOLATIONS
				DAY	BATT
2000	 1.31		0	 0
2001	 1.36		0	 0
2002	 1.24		0	 0
2003	 1.33		0	 0
2004	 1.26		0	 0
2005	 1.36		0	 0
2006	 1.35		0	 0
2007	 1.33		0	 0
2008	 1.35		0	 0
2009	 1.33		0	 0
2010	 1.3		0	 0
2011	 1.33		0	 0
2012	 1.27		0	 0
2013	 1.29		0	 0
2014	 1.26		0	 0
2015	 1.29		0	 0
2016	 1.34		0	 0
2017	 1.29		0	 0
2018	 1.3		0	 0

TOTAL Day Violations:   0.0
TOTAL Batt Violations:  0.0
************************************

MODEL :  A3
SEED  :  2
HOST  :  7574709303cc
START :  2019-03-14 07:49:05.478576
DEVICE:  cpu
Train time: 0:30:13.865912

YEAR	AVG_RWD		VIOLATIONS
				DAY	BATT
2000	 1.04		9	 0
2001	 1.01		15	 0
2002	 0.98		15	 2
2003	 1.06		5	 2
2004	 0.94		16	 6
2005	 1.01		5	 1
2006	 1.08		5	 0
2007	 0.99		15	 5
2008	 1.03		9	 4
2009	 1.03		12	 0
2010	 0.97		15	 5
2011	 0.94		17	 4
2012	 0.94		16	 3
2013	 0.93		23	 6
2014	 0.93		17	 7
2015	 0.98		17	 4
2016	 0.99		19	 8
2017	 0.93		23	 2
2018	 0.93		28	 9

TOTAL Day Violations:   281.0
TOTAL Batt Violations:  68.0
************************************

MODEL :  A3
SEED  :  3
HOST  :  7574709303cc
START :  2019-03-14 07:49:05.486370
DEVICE:  cpu
Train time: 0:30:17.970046

YEAR	AVG_RWD		VIOLATIONS
				DAY	BATT
2000	 1.32		0	 0
2001	 1.32		0	 0
2002	 1.25		1	 0
2003	 1.32		0	 0
2004	 1.22		4	 0
2005	 1.33		0	 0
2006	 1.36		0	 0
2007	 1.3		5	 0
2008	 1.32		2	 0
2009	 1.31		1	 0
2010	 1.25		4	 0
2011	 1.28		5	 0
2012	 1.21		1	 0
2013	 1.25		7	 0
2014	 1.21		3	 0
2015	 1.26		1	 0
2016	 1.3		4	 0
2017	 1.25		4	 0
2018	 1.25		5	 0

TOTAL Day Violations:   47.0
TOTAL Batt Violations:  0.0
************************************

MODEL :  A3
SEED  :  4
HOST  :  7574709303cc
START :  2019-03-14 07:49:05.487353
DEVICE:  cpu
Train time: 0:30:30.408395

YEAR	AVG_RWD		VIOLATIONS
				DAY	BATT
2000	 1.24		9	 0
2001	 1.28		10	 0
2002	 1.16		13	 2
2003	 1.26		5	 0
2004	 1.14		17	 3
2005	 1.3		3	 0
2006	 1.3		4	 0
2007	 1.23		15	 0
2008	 1.29		5	 0
2009	 1.25		8	 0
2010	 1.18		17	 0
2011	 1.24		15	 0
2012	 1.14		13	 5
2013	 1.17		20	 1
2014	 1.14		17	 0
2015	 1.17		17	 2
2016	 1.24		15	 4
2017	 1.18		20	 0
2018	 1.15		24	 3

TOTAL Day Violations:   247.0
TOTAL Batt Violations:  20.0
************************************

MODEL :  A3
SEED  :  5
HOST  :  7574709303cc
START :  2019-03-14 07:49:05.400869
DEVICE:  cpu
Train time: 0:30:21.492707

YEAR	AVG_RWD		VIOLATIONS
				DAY	BATT
2000	 1.22		0	 0
2001	 1.25		0	 0
2002	 1.12		1	 0
2003	 1.23		0	 0
2004	 1.14		1	 0
2005	 1.27		0	 0
2006	 1.26		0	 0
2007	 1.2		2	 0
2008	 1.23		0	 0
2009	 1.24		0	 0
2010	 1.16		0	 0
2011	 1.21		0	 0
2012	 1.13		1	 0
2013	 1.14		4	 0
2014	 1.11		1	 0
2015	 1.17		1	 0
2016	 1.23		2	 0
2017	 1.13		1	 0
2018	 1.15		2	 0

TOTAL Day Violations:   16.0
TOTAL Batt Violations:  0.0
************************************

MODEL :  A3
SEED  :  6
HOST  :  7574709303cc
START :  2019-03-14 07:49:05.465606
DEVICE:  cpu
Train time: 0:29:57.732097

YEAR	AVG_RWD		VIOLATIONS
				DAY	BATT
2000	 1.43		0	 0
2001	 1.45		0	 0
2002	 1.33		0	 0
2003	 1.42		0	 0
2004	 1.36		1	 0
2005	 1.48		0	 0
2006	 1.43		0	 0
2007	 1.42		0	 0
2008	 1.45		0	 0
2009	 1.41		0	 0
2010	 1.42		0	 0
2011	 1.46		0	 0
2012	 1.39		0	 0
2013	 1.4		0	 0
2014	 1.36		0	 0
2015	 1.37		0	 0
2016	 1.44		0	 0
2017	 1.38		0	 0
2018	 1.39		1	 0

TOTAL Day Violations:   2.0
TOTAL Batt Violations:  0.0
************************************

MODEL :  A3
SEED  :  7
HOST  :  7574709303cc
START :  2019-03-14 07:49:05.504223
DEVICE:  cpu
Train time: 0:30:21.329554

YEAR	AVG_RWD		VIOLATIONS
				DAY	BATT
2000	 1.44		0	 0
2001	 1.5		0	 0
2002	 1.38		0	 0
2003	 1.44		0	 0
2004	 1.38		0	 0
2005	 1.49		0	 0
2006	 1.43		0	 0
2007	 1.47		0	 0
2008	 1.48		0	 0
2009	 1.47		0	 0
2010	 1.41		0	 0
2011	 1.49		0	 0
2012	 1.41		0	 0
2013	 1.44		0	 0
2014	 1.39		0	 0
2015	 1.41		0	 0
2016	 1.47		0	 0
2017	 1.45		0	 0
2018	 1.44		0	 0

TOTAL Day Violations:   0.0
TOTAL Batt Violations:  0.0
************************************

MODEL :  A3
SEED  :  8
HOST  :  7574709303cc
START :  2019-03-14 07:49:05.499096
DEVICE:  cpu
Train time: 0:29:42.370102

YEAR	AVG_RWD		VIOLATIONS
				DAY	BATT
2000	 0.89		0	 0
2001	 0.99		0	 0
2002	 0.75		2	 0
2003	 0.8		3	 0
2004	 0.89		0	 0
2005	 1.05		0	 0
2006	 0.79		0	 0
2007	 0.93		1	 0
2008	 0.94		0	 0
2009	 0.92		0	 0
2010	 0.92		0	 0
2011	 1.06		0	 0
2012	 0.94		0	 0
2013	 0.99		0	 0
2014	 0.88		1	 0
2015	 0.85		0	 0
2016	 0.91		1	 0
2017	 0.99		1	 0
2018	 0.94		1	 0

TOTAL Day Violations:   10.0
TOTAL Batt Violations:  0.0
************************************

MODEL :  A3
SEED  :  9
HOST  :  7574709303cc
START :  2019-03-14 07:49:05.463632
DEVICE:  cpu
Train time: 0:30:34.211910

YEAR	AVG_RWD		VIOLATIONS
				DAY	BATT
2000	 1.27		0	 0
2001	 1.35		0	 0
2002	 1.18		1	 0
2003	 1.32		0	 0
2004	 1.23		1	 0
2005	 1.38		0	 0
2006	 1.32		0	 0
2007	 1.3		1	 0
2008	 1.35		0	 0
2009	 1.32		0	 0
2010	 1.26		0	 0
2011	 1.35		0	 0
2012	 1.26		0	 0
2013	 1.28		1	 0
2014	 1.19		2	 0
2015	 1.23		0	 0
2016	 1.32		2	 0
2017	 1.29		0	 0
2018	 1.26		3	 0

TOTAL Day Violations:   11.0
TOTAL Batt Violations:  0.0
************************************
