
MODEL :  A0
SEED  :  0
HOST  :  7574709303cc
START :  2019-03-14 08:58:51.768070
DEVICE:  cpu
Train time: 0:29:10.159648

YEAR	AVG_RWD		VIOLATIONS
				DAY	BATT
2000	 1.33		0	 0
2001	 1.32		0	 0
2002	 1.26		0	 0
2003	 1.35		0	 0
2004	 1.21		0	 0
2005	 1.38		0	 0
2006	 1.37		0	 0
2007	 1.32		0	 0
2008	 1.37		0	 0
2009	 1.31		0	 0
2010	 1.25		0	 0
2011	 1.3		0	 0
2012	 1.23		0	 0
2013	 1.23		0	 0
2014	 1.22		0	 0
2015	 1.25		0	 0
2016	 1.3		0	 0
2017	 1.25		0	 0
2018	 1.23		0	 0

TOTAL Day Violations:   0.0
TOTAL Batt Violations:  0.0
************************************

MODEL :  A0
SEED  :  1
HOST  :  7574709303cc
START :  2019-03-14 08:58:51.700857
DEVICE:  cpu
Train time: 0:29:43.262004

YEAR	AVG_RWD		VIOLATIONS
				DAY	BATT
2000	 1.39		0	 0
2001	 1.42		0	 0
2002	 1.32		0	 0
2003	 1.39		0	 0
2004	 1.31		0	 0
2005	 1.42		0	 0
2006	 1.41		0	 0
2007	 1.39		0	 0
2008	 1.39		0	 0
2009	 1.38		0	 0
2010	 1.33		0	 0
2011	 1.38		0	 0
2012	 1.32		0	 0
2013	 1.35		0	 0
2014	 1.31		0	 0
2015	 1.35		0	 0
2016	 1.4		0	 0
2017	 1.36		0	 0
2018	 1.35		0	 0

TOTAL Day Violations:   0.0
TOTAL Batt Violations:  0.0
************************************

MODEL :  A0
SEED  :  2
HOST  :  7574709303cc
START :  2019-03-14 08:58:51.815460
DEVICE:  cpu
Train time: 0:29:12.061673

YEAR	AVG_RWD		VIOLATIONS
				DAY	BATT
2000	 1.22		0	 0
2001	 1.28		0	 0
2002	 1.13		0	 0
2003	 1.21		0	 0
2004	 1.16		2	 0
2005	 1.25		0	 0
2006	 1.23		0	 0
2007	 1.21		0	 0
2008	 1.21		0	 0
2009	 1.23		0	 0
2010	 1.2		0	 0
2011	 1.23		0	 0
2012	 1.16		0	 0
2013	 1.17		0	 0
2014	 1.15		2	 0
2015	 1.18		1	 0
2016	 1.24		0	 0
2017	 1.19		0	 0
2018	 1.21		0	 0

TOTAL Day Violations:   5.0
TOTAL Batt Violations:  0.0
************************************

MODEL :  A0
SEED  :  3
HOST  :  7574709303cc
START :  2019-03-14 08:58:51.732877
DEVICE:  cpu
Train time: 0:29:33.846594

YEAR	AVG_RWD		VIOLATIONS
				DAY	BATT
2000	 1.25		0	 0
2001	 1.26		0	 0
2002	 1.16		0	 0
2003	 1.25		0	 0
2004	 1.17		0	 0
2005	 1.24		0	 0
2006	 1.27		0	 0
2007	 1.23		0	 0
2008	 1.25		0	 0
2009	 1.24		0	 0
2010	 1.18		0	 0
2011	 1.22		1	 0
2012	 1.18		0	 0
2013	 1.18		0	 0
2014	 1.17		0	 0
2015	 1.19		0	 0
2016	 1.23		0	 0
2017	 1.2		0	 0
2018	 1.19		0	 0

TOTAL Day Violations:   1.0
TOTAL Batt Violations:  0.0
************************************

MODEL :  A0
SEED  :  4
HOST  :  7574709303cc
START :  2019-03-14 08:58:51.785010
DEVICE:  cpu
Train time: 0:28:56.227991

YEAR	AVG_RWD		VIOLATIONS
				DAY	BATT
2000	 1.36		0	 0
2001	 1.39		0	 0
2002	 1.27		1	 0
2003	 1.38		1	 0
2004	 1.25		1	 0
2005	 1.4		0	 0
2006	 1.36		0	 0
2007	 1.36		1	 0
2008	 1.39		0	 0
2009	 1.35		0	 0
2010	 1.31		1	 0
2011	 1.37		0	 0
2012	 1.29		1	 0
2013	 1.32		1	 0
2014	 1.28		2	 0
2015	 1.32		0	 0
2016	 1.35		2	 0
2017	 1.25		4	 0
2018	 1.31		3	 0

TOTAL Day Violations:   18.0
TOTAL Batt Violations:  0.0
************************************

MODEL :  A0
SEED  :  5
HOST  :  7574709303cc
START :  2019-03-14 08:58:51.856613
DEVICE:  cpu
Train time: 0:29:14.059199

YEAR	AVG_RWD		VIOLATIONS
				DAY	BATT
2000	 1.22		0	 0
2001	 1.22		0	 0
2002	 1.18		0	 0
2003	 1.26		0	 0
2004	 1.12		0	 0
2005	 1.23		0	 0
2006	 1.27		0	 0
2007	 1.2		1	 0
2008	 1.24		0	 0
2009	 1.23		0	 0
2010	 1.16		0	 0
2011	 1.16		2	 0
2012	 1.13		0	 0
2013	 1.15		0	 0
2014	 1.11		0	 0
2015	 1.19		0	 0
2016	 1.21		0	 0
2017	 1.15		2	 0
2018	 1.13		2	 0

TOTAL Day Violations:   7.0
TOTAL Batt Violations:  0.0
************************************

MODEL :  A0
SEED  :  6
HOST  :  7574709303cc
START :  2019-03-14 08:58:51.820393
DEVICE:  cpu
Train time: 0:29:47.639484

YEAR	AVG_RWD		VIOLATIONS
				DAY	BATT
2000	 1.43		0	 0
2001	 1.43		0	 0
2002	 1.35		0	 0
2003	 1.41		0	 0
2004	 1.36		0	 0
2005	 1.47		0	 0
2006	 1.44		0	 0
2007	 1.42		0	 0
2008	 1.44		0	 0
2009	 1.43		0	 0
2010	 1.37		0	 0
2011	 1.4		0	 0
2012	 1.35		0	 0
2013	 1.4		0	 0
2014	 1.35		0	 0
2015	 1.36		0	 0
2016	 1.42		0	 0
2017	 1.37		0	 0
2018	 1.38		0	 0

TOTAL Day Violations:   0.0
TOTAL Batt Violations:  0.0
************************************

MODEL :  A0
SEED  :  7
HOST  :  7574709303cc
START :  2019-03-14 08:58:51.836587
DEVICE:  cpu
Train time: 0:29:34.957440

YEAR	AVG_RWD		VIOLATIONS
				DAY	BATT
2000	 1.1		0	 0
2001	 1.12		0	 0
2002	 1.05		0	 0
2003	 1.11		0	 0
2004	 1.09		0	 0
2005	 1.19		0	 0
2006	 1.11		0	 0
2007	 1.14		0	 0
2008	 1.16		0	 0
2009	 1.13		0	 0
2010	 1.09		0	 0
2011	 1.19		0	 0
2012	 1.11		0	 0
2013	 1.15		0	 0
2014	 1.07		0	 0
2015	 1.09		0	 0
2016	 1.14		0	 0
2017	 1.14		0	 0
2018	 1.12		0	 0

TOTAL Day Violations:   0.0
TOTAL Batt Violations:  0.0
************************************

MODEL :  A0
SEED  :  8
HOST  :  7574709303cc
START :  2019-03-14 08:58:51.795303
DEVICE:  cpu
Train time: 0:29:36.152558

YEAR	AVG_RWD		VIOLATIONS
				DAY	BATT
2000	 1.23		0	 0
2001	 1.23		0	 0
2002	 1.17		0	 0
2003	 1.24		0	 0
2004	 1.15		0	 0
2005	 1.23		0	 0
2006	 1.27		0	 0
2007	 1.23		0	 0
2008	 1.25		0	 0
2009	 1.21		0	 0
2010	 1.18		0	 0
2011	 1.18		0	 0
2012	 1.16		0	 0
2013	 1.16		0	 0
2014	 1.16		0	 0
2015	 1.18		0	 0
2016	 1.22		1	 0
2017	 1.15		0	 0
2018	 1.17		0	 0

TOTAL Day Violations:   1.0
TOTAL Batt Violations:  0.0
************************************

MODEL :  A0
SEED  :  9
HOST  :  7574709303cc
START :  2019-03-14 08:58:51.888385
DEVICE:  cpu
Train time: 0:29:45.862911

YEAR	AVG_RWD		VIOLATIONS
				DAY	BATT
2000	 1.4		0	 0
2001	 1.43		0	 0
2002	 1.32		0	 0
2003	 1.4		0	 0
2004	 1.33		1	 0
2005	 1.44		0	 0
2006	 1.43		0	 0
2007	 1.39		1	 0
2008	 1.42		0	 0
2009	 1.4		0	 0
2010	 1.37		0	 0
2011	 1.41		0	 0
2012	 1.31		0	 0
2013	 1.35		0	 0
2014	 1.32		0	 0
2015	 1.36		0	 0
2016	 1.41		0	 0
2017	 1.35		0	 0
2018	 1.35		0	 0

TOTAL Day Violations:   2.0
TOTAL Batt Violations:  0.0
************************************
