
MODEL :  A4
SEED  :  0
HOST  :  7574709303cc
START :  2019-03-14 08:23:01.788574
DEVICE:  cpu
Train time: 0:30:22.122231

YEAR	AVG_RWD		VIOLATIONS
				DAY	BATT
2000	 1.33		0	 0
2001	 1.34		0	 0
2002	 1.25		0	 0
2003	 1.34		0	 0
2004	 1.23		0	 0
2005	 1.36		0	 0
2006	 1.37		0	 0
2007	 1.31		1	 0
2008	 1.34		0	 0
2009	 1.32		0	 0
2010	 1.28		0	 0
2011	 1.34		0	 0
2012	 1.25		0	 0
2013	 1.26		0	 0
2014	 1.25		0	 0
2015	 1.27		0	 0
2016	 1.33		0	 0
2017	 1.27		0	 0
2018	 1.25		0	 0

TOTAL Day Violations:   1.0
TOTAL Batt Violations:  0.0
************************************

MODEL :  A4
SEED  :  1
HOST  :  7574709303cc
START :  2019-03-14 08:23:01.787751
DEVICE:  cpu
Train time: 0:30:00.600699

YEAR	AVG_RWD		VIOLATIONS
				DAY	BATT
2000	 1.4		0	 0
2001	 1.43		0	 0
2002	 1.32		0	 0
2003	 1.39		0	 0
2004	 1.3		0	 0
2005	 1.43		0	 0
2006	 1.41		0	 0
2007	 1.4		0	 0
2008	 1.4		0	 0
2009	 1.4		0	 0
2010	 1.34		1	 0
2011	 1.42		1	 0
2012	 1.34		0	 0
2013	 1.39		0	 0
2014	 1.3		0	 0
2015	 1.35		0	 0
2016	 1.4		1	 0
2017	 1.39		0	 0
2018	 1.36		3	 0

TOTAL Day Violations:   6.0
TOTAL Batt Violations:  0.0
************************************

MODEL :  A4
SEED  :  2
HOST  :  7574709303cc
START :  2019-03-14 08:23:01.909596
DEVICE:  cpu
Train time: 0:30:24.534392

YEAR	AVG_RWD		VIOLATIONS
				DAY	BATT
2000	 1.18		11	 0
2001	 1.2		14	 0
2002	 1.07		14	 2
2003	 1.2		4	 2
2004	 1.07		22	 8
2005	 1.21		10	 0
2006	 1.23		3	 1
2007	 1.15		20	 4
2008	 1.19		10	 3
2009	 1.18		12	 0
2010	 1.12		21	 6
2011	 1.14		19	 6
2012	 1.09		21	 5
2013	 1.11		25	 8
2014	 1.1		25	 8
2015	 1.11		24	 4
2016	 1.19		16	 8
2017	 1.12		22	 3
2018	 1.09		32	 13

TOTAL Day Violations:   325.0
TOTAL Batt Violations:  81.0
************************************

MODEL :  A4
SEED  :  3
HOST  :  7574709303cc
START :  2019-03-14 08:23:01.829467
DEVICE:  cpu
Train time: 0:30:16.119371

YEAR	AVG_RWD		VIOLATIONS
				DAY	BATT
2000	 1.24		0	 0
2001	 1.24		0	 0
2002	 1.13		1	 0
2003	 1.2		1	 0
2004	 1.14		4	 0
2005	 1.2		1	 0
2006	 1.22		0	 0
2007	 1.2		2	 0
2008	 1.18		1	 0
2009	 1.22		0	 0
2010	 1.16		2	 0
2011	 1.21		5	 0
2012	 1.14		2	 0
2013	 1.18		4	 0
2014	 1.17		5	 0
2015	 1.18		2	 0
2016	 1.24		4	 0
2017	 1.2		3	 0
2018	 1.22		6	 0

TOTAL Day Violations:   43.0
TOTAL Batt Violations:  0.0
************************************

MODEL :  A4
SEED  :  4
HOST  :  7574709303cc
START :  2019-03-14 08:23:01.859219
DEVICE:  cpu
Train time: 0:30:04.848980

YEAR	AVG_RWD		VIOLATIONS
				DAY	BATT
2000	 1.04		0	 0
2001	 1.21		0	 0
2002	 0.96		3	 0
2003	 1.15		3	 0
2004	 1.09		4	 0
2005	 1.23		1	 0
2006	 1.03		0	 0
2007	 1.15		2	 0
2008	 1.23		1	 0
2009	 1.16		0	 0
2010	 1.12		2	 0
2011	 1.21		4	 0
2012	 1.11		2	 0
2013	 1.13		4	 0
2014	 1.05		4	 0
2015	 1.1		2	 0
2016	 1.21		4	 0
2017	 1.14		2	 0
2018	 1.12		5	 0

TOTAL Day Violations:   43.0
TOTAL Batt Violations:  0.0
************************************

MODEL :  A4
SEED  :  5
HOST  :  7574709303cc
START :  2019-03-14 08:23:01.788478
DEVICE:  cpu
Train time: 0:30:28.702694

YEAR	AVG_RWD		VIOLATIONS
				DAY	BATT
2000	 1.19		0	 0
2001	 1.25		0	 0
2002	 1.1		1	 0
2003	 1.21		1	 0
2004	 1.16		1	 0
2005	 1.29		0	 0
2006	 1.22		0	 0
2007	 1.22		2	 0
2008	 1.25		0	 0
2009	 1.21		0	 0
2010	 1.18		0	 0
2011	 1.27		0	 0
2012	 1.17		0	 0
2013	 1.21		0	 0
2014	 1.12		1	 0
2015	 1.12		0	 0
2016	 1.22		0	 0
2017	 1.22		0	 0
2018	 1.15		0	 0

TOTAL Day Violations:   6.0
TOTAL Batt Violations:  0.0
************************************

MODEL :  A4
SEED  :  6
HOST  :  7574709303cc
START :  2019-03-14 08:23:01.909031
DEVICE:  cpu
Train time: 0:30:10.277389

YEAR	AVG_RWD		VIOLATIONS
				DAY	BATT
2000	 1.33		2	 0
2001	 1.34		5	 0
2002	 1.21		5	 0
2003	 1.35		1	 0
2004	 1.24		8	 1
2005	 1.41		1	 0
2006	 1.36		1	 0
2007	 1.31		5	 1
2008	 1.41		0	 0
2009	 1.31		2	 0
2010	 1.26		9	 1
2011	 1.36		7	 0
2012	 1.28		5	 0
2013	 1.29		14	 2
2014	 1.22		9	 0
2015	 1.26		10	 1
2016	 1.33		8	 1
2017	 1.29		7	 0
2018	 1.26		10	 0

TOTAL Day Violations:   109.0
TOTAL Batt Violations:  7.0
************************************

MODEL :  A4
SEED  :  7
HOST  :  7574709303cc
START :  2019-03-14 08:23:01.865934
DEVICE:  cpu
Train time: 0:30:27.498666

YEAR	AVG_RWD		VIOLATIONS
				DAY	BATT
2000	 1.43		0	 0
2001	 1.45		0	 0
2002	 1.39		0	 0
2003	 1.43		0	 0
2004	 1.36		0	 0
2005	 1.45		0	 0
2006	 1.45		0	 0
2007	 1.44		0	 0
2008	 1.44		0	 0
2009	 1.43		0	 0
2010	 1.4		0	 0
2011	 1.43		0	 0
2012	 1.37		0	 0
2013	 1.4		0	 0
2014	 1.38		0	 0
2015	 1.42		0	 0
2016	 1.46		0	 0
2017	 1.39		0	 0
2018	 1.4		0	 0

TOTAL Day Violations:   0.0
TOTAL Batt Violations:  0.0
************************************

MODEL :  A4
SEED  :  8
HOST  :  7574709303cc
START :  2019-03-14 08:23:01.865791
DEVICE:  cpu
Train time: 0:30:12.118245

YEAR	AVG_RWD		VIOLATIONS
				DAY	BATT
2000	 1.1		4	 0
2001	 1.1		4	 0
2002	 1.06		9	 2
2003	 1.12		3	 1
2004	 1.01		8	 6
2005	 1.09		5	 0
2006	 1.16		4	 0
2007	 1.07		13	 7
2008	 1.11		5	 1
2009	 1.09		6	 0
2010	 1.05		12	 4
2011	 1.04		12	 3
2012	 1.01		13	 3
2013	 1.02		18	 10
2014	 1.02		11	 5
2015	 1.07		12	 0
2016	 1.1		11	 9
2017	 1.02		16	 1
2018	 1.01		21	 7

TOTAL Day Violations:   187.0
TOTAL Batt Violations:  59.0
************************************

MODEL :  A4
SEED  :  9
HOST  :  7574709303cc
START :  2019-03-14 08:23:01.809087
DEVICE:  cpu
Train time: 0:30:18.957992

YEAR	AVG_RWD		VIOLATIONS
				DAY	BATT
2000	 1.36		0	 0
2001	 1.4		0	 0
2002	 1.28		0	 0
2003	 1.39		0	 0
2004	 1.31		0	 0
2005	 1.45		0	 0
2006	 1.4		0	 0
2007	 1.37		0	 0
2008	 1.42		0	 0
2009	 1.38		0	 0
2010	 1.32		0	 0
2011	 1.41		0	 0
2012	 1.32		0	 0
2013	 1.33		0	 0
2014	 1.3		0	 0
2015	 1.3		0	 0
2016	 1.39		0	 0
2017	 1.35		0	 0
2018	 1.32		0	 0

TOTAL Day Violations:   0.0
TOTAL Batt Violations:  0.0
************************************
