
MODEL :  A0
SEED  :  0
HOST  :  7574709303cc
START :  2019-03-17 06:20:18.269921
DEVICE:  cpu
Train time: 0:29:28.401893

YEAR	AVG_RWD		VIOLATIONS
				DAY	BATT
2000	 1.21		0	 0
2001	 1.23		0	 0
2002	 1.18		0	 0
2003	 1.23		0	 0
2004	 1.14		0	 0
2005	 1.22		0	 0
2006	 1.24		0	 0
2007	 1.21		0	 0
2008	 1.24		0	 0
2009	 1.23		0	 0
2010	 1.19		0	 0
2011	 1.19		0	 0
2012	 1.16		0	 0
2013	 1.16		0	 0
2014	 1.15		0	 0
2015	 1.2		0	 0
2016	 1.22		0	 0
2017	 1.16		0	 0
2018	 1.17		0	 0

TOTAL Day Violations:   0.0
TOTAL Batt Violations:  0.0
************************************

MODEL :  A0
SEED  :  1
HOST  :  7574709303cc
START :  2019-03-17 06:20:18.301852
DEVICE:  cpu
Train time: 0:28:58.863780

YEAR	AVG_RWD		VIOLATIONS
				DAY	BATT
2000	 1.4		0	 0
2001	 1.41		0	 0
2002	 1.32		0	 0
2003	 1.4		0	 0
2004	 1.31		0	 0
2005	 1.42		0	 0
2006	 1.44		0	 0
2007	 1.39		0	 0
2008	 1.42		0	 0
2009	 1.4		0	 0
2010	 1.34		0	 0
2011	 1.37		0	 0
2012	 1.32		0	 0
2013	 1.34		0	 0
2014	 1.32		0	 0
2015	 1.35		0	 0
2016	 1.4		0	 0
2017	 1.34		0	 0
2018	 1.35		0	 0

TOTAL Day Violations:   0.0
TOTAL Batt Violations:  0.0
************************************

MODEL :  A0
SEED  :  2
HOST  :  7574709303cc
START :  2019-03-17 06:20:18.310621
DEVICE:  cpu
Train time: 0:29:28.610319

YEAR	AVG_RWD		VIOLATIONS
				DAY	BATT
2000	 1.14		0	 0
2001	 1.15		0	 0
2002	 1.09		0	 0
2003	 1.14		0	 0
2004	 1.06		1	 0
2005	 1.14		0	 0
2006	 1.17		0	 0
2007	 1.14		1	 0
2008	 1.14		0	 0
2009	 1.15		0	 0
2010	 1.1		0	 0
2011	 1.11		0	 0
2012	 1.09		0	 0
2013	 1.1		0	 0
2014	 1.08		1	 0
2015	 1.12		0	 0
2016	 1.14		0	 0
2017	 1.1		0	 0
2018	 1.12		0	 0

TOTAL Day Violations:   3.0
TOTAL Batt Violations:  0.0
************************************

MODEL :  A0
SEED  :  3
HOST  :  7574709303cc
START :  2019-03-17 06:20:18.388897
DEVICE:  cpu
Train time: 0:29:33.301801

YEAR	AVG_RWD		VIOLATIONS
				DAY	BATT
2000	 1.22		0	 0
2001	 1.21		0	 0
2002	 1.17		0	 0
2003	 1.25		0	 0
2004	 1.11		0	 0
2005	 1.22		0	 0
2006	 1.28		0	 0
2007	 1.21		0	 0
2008	 1.23		0	 0
2009	 1.21		0	 0
2010	 1.15		0	 0
2011	 1.17		0	 0
2012	 1.12		0	 0
2013	 1.13		0	 0
2014	 1.12		0	 0
2015	 1.18		0	 0
2016	 1.22		0	 0
2017	 1.16		0	 0
2018	 1.14		0	 0

TOTAL Day Violations:   0.0
TOTAL Batt Violations:  0.0
************************************

MODEL :  A0
SEED  :  4
HOST  :  7574709303cc
START :  2019-03-17 06:20:18.430619
DEVICE:  cpu
Train time: 0:29:07.384141

YEAR	AVG_RWD		VIOLATIONS
				DAY	BATT
2000	 1.36		0	 0
2001	 1.42		0	 0
2002	 1.33		0	 0
2003	 1.34		0	 0
2004	 1.33		0	 0
2005	 1.39		0	 0
2006	 1.38		0	 0
2007	 1.37		0	 0
2008	 1.38		0	 0
2009	 1.36		0	 0
2010	 1.36		0	 0
2011	 1.35		0	 0
2012	 1.35		0	 0
2013	 1.37		0	 0
2014	 1.35		0	 0
2015	 1.37		0	 0
2016	 1.39		0	 0
2017	 1.34		0	 0
2018	 1.4		0	 0

TOTAL Day Violations:   0.0
TOTAL Batt Violations:  0.0
************************************

MODEL :  A0
SEED  :  5
HOST  :  7574709303cc
START :  2019-03-17 06:20:18.302484
DEVICE:  cpu
Train time: 0:29:43.712148

YEAR	AVG_RWD		VIOLATIONS
				DAY	BATT
2000	 1.36		0	 0
2001	 1.38		0	 0
2002	 1.29		0	 0
2003	 1.37		0	 0
2004	 1.29		1	 0
2005	 1.37		0	 0
2006	 1.38		0	 0
2007	 1.38		0	 0
2008	 1.4		0	 0
2009	 1.35		0	 0
2010	 1.35		0	 0
2011	 1.34		0	 0
2012	 1.31		0	 0
2013	 1.34		0	 0
2014	 1.3		0	 0
2015	 1.34		0	 0
2016	 1.39		0	 0
2017	 1.31		0	 0
2018	 1.32		0	 0

TOTAL Day Violations:   1.0
TOTAL Batt Violations:  0.0
************************************

MODEL :  A0
SEED  :  6
HOST  :  7574709303cc
START :  2019-03-17 06:20:18.345167
DEVICE:  cpu
Train time: 0:25:43.782677

YEAR	AVG_RWD		VIOLATIONS
				DAY	BATT
2000	 1.29		0	 0
2001	 1.29		0	 0
2002	 1.21		1	 0
2003	 1.3		1	 0
2004	 1.22		3	 0
2005	 1.34		0	 0
2006	 1.32		0	 0
2007	 1.27		3	 0
2008	 1.32		1	 0
2009	 1.28		0	 0
2010	 1.24		3	 0
2011	 1.25		5	 0
2012	 1.21		2	 0
2013	 1.24		4	 0
2014	 1.2		5	 0
2015	 1.22		2	 0
2016	 1.28		4	 0
2017	 1.23		4	 0
2018	 1.22		6	 0

TOTAL Day Violations:   44.0
TOTAL Batt Violations:  0.0
************************************

MODEL :  A0
SEED  :  7
HOST  :  7574709303cc
START :  2019-03-17 06:20:18.453506
DEVICE:  cpu
Train time: 0:29:28.793134

YEAR	AVG_RWD		VIOLATIONS
				DAY	BATT
2000	 1.01		0	 0
2001	 1.03		0	 0
2002	 0.95		0	 0
2003	 1.05		0	 0
2004	 0.9		0	 0
2005	 0.97		0	 0
2006	 1.1		0	 0
2007	 1.0		0	 0
2008	 0.99		0	 0
2009	 1.01		0	 0
2010	 0.95		0	 0
2011	 0.94		0	 0
2012	 0.89		1	 0
2013	 0.9		0	 0
2014	 0.89		0	 0
2015	 1.0		0	 0
2016	 1.03		1	 0
2017	 0.94		0	 0
2018	 0.93		1	 0

TOTAL Day Violations:   3.0
TOTAL Batt Violations:  0.0
************************************

MODEL :  A0
SEED  :  8
HOST  :  7574709303cc
START :  2019-03-17 06:20:18.454994
DEVICE:  cpu
Train time: 0:29:28.223568

YEAR	AVG_RWD		VIOLATIONS
				DAY	BATT
2000	 1.22		0	 0
2001	 1.21		0	 0
2002	 1.17		0	 0
2003	 1.22		0	 0
2004	 1.14		0	 0
2005	 1.21		0	 0
2006	 1.26		0	 0
2007	 1.2		0	 0
2008	 1.22		0	 0
2009	 1.21		0	 0
2010	 1.18		0	 0
2011	 1.17		0	 0
2012	 1.17		0	 0
2013	 1.17		0	 0
2014	 1.17		0	 0
2015	 1.2		0	 0
2016	 1.22		0	 0
2017	 1.16		0	 0
2018	 1.17		0	 0

TOTAL Day Violations:   0.0
TOTAL Batt Violations:  0.0
************************************

MODEL :  A0
SEED  :  9
HOST  :  7574709303cc
START :  2019-03-17 06:20:18.328600
DEVICE:  cpu
Train time: 0:29:29.386749

YEAR	AVG_RWD		VIOLATIONS
				DAY	BATT
2000	 1.39		0	 0
2001	 1.41		0	 0
2002	 1.34		0	 0
2003	 1.4		0	 0
2004	 1.33		0	 0
2005	 1.44		0	 0
2006	 1.43		0	 0
2007	 1.4		0	 0
2008	 1.42		0	 0
2009	 1.39		0	 0
2010	 1.35		0	 0
2011	 1.39		0	 0
2012	 1.33		0	 0
2013	 1.36		0	 0
2014	 1.35		0	 0
2015	 1.36		0	 0
2016	 1.43		0	 0
2017	 1.37		0	 0
2018	 1.36		0	 0

TOTAL Day Violations:   0.0
TOTAL Batt Violations:  0.0
************************************
