
MODEL :  A1
SEED  :  0
HOST  :  7574709303cc
START :  2019-03-17 06:53:53.792239
DEVICE:  cpu
Train time: 0:29:53.907038

YEAR	AVG_RWD		VIOLATIONS
				DAY	BATT
2000	 1.38		0	 0
2001	 1.4		0	 0
2002	 1.29		0	 0
2003	 1.35		0	 0
2004	 1.31		0	 0
2005	 1.35		0	 0
2006	 1.36		0	 0
2007	 1.37		0	 0
2008	 1.37		0	 0
2009	 1.36		0	 0
2010	 1.34		0	 0
2011	 1.36		0	 0
2012	 1.3		0	 0
2013	 1.35		0	 0
2014	 1.33		0	 0
2015	 1.35		0	 0
2016	 1.38		0	 0
2017	 1.33		0	 0
2018	 1.36		0	 0

TOTAL Day Violations:   0.0
TOTAL Batt Violations:  0.0
************************************

MODEL :  A1
SEED  :  1
HOST  :  7574709303cc
START :  2019-03-17 06:53:53.829372
DEVICE:  cpu
Train time: 0:29:27.508121

YEAR	AVG_RWD		VIOLATIONS
				DAY	BATT
2000	 1.15		0	 0
2001	 1.19		0	 0
2002	 1.09		0	 0
2003	 1.12		1	 0
2004	 1.1		1	 0
2005	 1.15		0	 0
2006	 1.15		0	 0
2007	 1.15		1	 0
2008	 1.17		0	 0
2009	 1.17		0	 0
2010	 1.13		1	 0
2011	 1.16		0	 0
2012	 1.14		0	 0
2013	 1.14		0	 0
2014	 1.11		1	 0
2015	 1.15		0	 0
2016	 1.18		2	 0
2017	 1.16		0	 0
2018	 1.17		1	 0

TOTAL Day Violations:   8.0
TOTAL Batt Violations:  0.0
************************************

MODEL :  A1
SEED  :  2
HOST  :  7574709303cc
START :  2019-03-17 06:53:53.875138
DEVICE:  cpu
Train time: 0:30:03.162745

YEAR	AVG_RWD		VIOLATIONS
				DAY	BATT
2000	 1.09		0	 0
2001	 1.07		0	 0
2002	 1.04		1	 1
2003	 1.1		1	 0
2004	 1.0		5	 1
2005	 1.11		1	 0
2006	 1.12		0	 0
2007	 1.05		4	 0
2008	 1.11		2	 0
2009	 1.08		0	 0
2010	 1.03		4	 0
2011	 1.01		5	 0
2012	 0.99		3	 0
2013	 1.02		6	 0
2014	 0.99		5	 0
2015	 1.03		3	 0
2016	 1.05		5	 1
2017	 1.02		5	 0
2018	 1.0		6	 2

TOTAL Day Violations:   56.0
TOTAL Batt Violations:  5.0
************************************

MODEL :  A1
SEED  :  3
HOST  :  7574709303cc
START :  2019-03-17 06:53:53.860310
DEVICE:  cpu
Train time: 0:29:52.643468

YEAR	AVG_RWD		VIOLATIONS
				DAY	BATT
2000	 1.29		0	 0
2001	 1.29		0	 0
2002	 1.23		1	 0
2003	 1.3		0	 0
2004	 1.22		0	 0
2005	 1.3		0	 0
2006	 1.31		0	 0
2007	 1.29		0	 0
2008	 1.3		0	 0
2009	 1.27		0	 0
2010	 1.25		0	 0
2011	 1.27		0	 0
2012	 1.23		0	 0
2013	 1.23		0	 0
2014	 1.22		0	 0
2015	 1.26		0	 0
2016	 1.29		1	 0
2017	 1.25		0	 0
2018	 1.23		0	 0

TOTAL Day Violations:   2.0
TOTAL Batt Violations:  0.0
************************************

MODEL :  A1
SEED  :  4
HOST  :  7574709303cc
START :  2019-03-17 06:53:53.917112
DEVICE:  cpu
Train time: 0:29:42.588827

YEAR	AVG_RWD		VIOLATIONS
				DAY	BATT
2000	 1.13		0	 0
2001	 1.2		0	 0
2002	 1.04		1	 0
2003	 1.15		1	 0
2004	 1.06		1	 0
2005	 1.18		0	 0
2006	 1.21		0	 0
2007	 1.14		1	 0
2008	 1.16		0	 0
2009	 1.16		0	 0
2010	 1.1		0	 0
2011	 1.13		0	 0
2012	 1.07		1	 0
2013	 1.06		0	 0
2014	 1.05		0	 0
2015	 1.11		0	 0
2016	 1.17		2	 0
2017	 1.07		0	 0
2018	 1.09		0	 0

TOTAL Day Violations:   7.0
TOTAL Batt Violations:  0.0
************************************

MODEL :  A1
SEED  :  5
HOST  :  7574709303cc
START :  2019-03-17 06:53:53.809626
DEVICE:  cpu
Train time: 0:29:31.159257

YEAR	AVG_RWD		VIOLATIONS
				DAY	BATT
2000	 1.12		0	 0
2001	 1.17		0	 0
2002	 1.01		1	 0
2003	 1.13		2	 0
2004	 1.05		5	 0
2005	 1.2		1	 0
2006	 1.17		0	 0
2007	 1.1		4	 0
2008	 1.17		1	 0
2009	 1.14		0	 0
2010	 1.09		5	 0
2011	 1.16		3	 0
2012	 1.04		4	 0
2013	 1.09		8	 0
2014	 1.01		4	 0
2015	 1.05		2	 0
2016	 1.14		5	 1
2017	 1.1		7	 0
2018	 1.05		7	 0

TOTAL Day Violations:   59.0
TOTAL Batt Violations:  1.0
************************************

MODEL :  A1
SEED  :  6
HOST  :  7574709303cc
START :  2019-03-17 06:53:53.900095
DEVICE:  cpu
Train time: 0:29:55.571669

YEAR	AVG_RWD		VIOLATIONS
				DAY	BATT
2000	 1.36		0	 0
2001	 1.37		0	 0
2002	 1.29		1	 1
2003	 1.35		1	 0
2004	 1.3		6	 0
2005	 1.42		1	 0
2006	 1.36		0	 0
2007	 1.35		6	 0
2008	 1.4		1	 0
2009	 1.37		1	 0
2010	 1.32		4	 0
2011	 1.38		5	 0
2012	 1.31		5	 0
2013	 1.3		7	 0
2014	 1.29		3	 0
2015	 1.33		4	 0
2016	 1.36		6	 1
2017	 1.31		7	 0
2018	 1.31		6	 0

TOTAL Day Violations:   64.0
TOTAL Batt Violations:  2.0
************************************

MODEL :  A1
SEED  :  7
HOST  :  7574709303cc
START :  2019-03-17 06:53:53.760828
DEVICE:  cpu
Train time: 0:29:24.167749

YEAR	AVG_RWD		VIOLATIONS
				DAY	BATT
2000	 1.37		0	 0
2001	 1.43		0	 0
2002	 1.28		0	 0
2003	 1.37		1	 0
2004	 1.32		0	 0
2005	 1.46		0	 0
2006	 1.38		0	 0
2007	 1.39		0	 0
2008	 1.44		0	 0
2009	 1.39		0	 0
2010	 1.35		0	 0
2011	 1.44		0	 0
2012	 1.35		0	 0
2013	 1.37		0	 0
2014	 1.3		0	 0
2015	 1.34		0	 0
2016	 1.42		0	 0
2017	 1.38		0	 0
2018	 1.38		0	 0

TOTAL Day Violations:   1.0
TOTAL Batt Violations:  0.0
************************************

MODEL :  A1
SEED  :  8
HOST  :  7574709303cc
START :  2019-03-17 06:53:53.877175
DEVICE:  cpu
Train time: 0:29:59.349976

YEAR	AVG_RWD		VIOLATIONS
				DAY	BATT
2000	 1.27		0	 0
2001	 1.27		0	 0
2002	 1.2		0	 0
2003	 1.26		0	 0
2004	 1.17		0	 0
2005	 1.27		0	 0
2006	 1.31		0	 0
2007	 1.26		0	 0
2008	 1.27		0	 0
2009	 1.26		0	 0
2010	 1.2		1	 0
2011	 1.24		0	 0
2012	 1.19		1	 0
2013	 1.22		0	 0
2014	 1.18		1	 0
2015	 1.22		0	 0
2016	 1.27		2	 0
2017	 1.23		0	 0
2018	 1.21		0	 0

TOTAL Day Violations:   5.0
TOTAL Batt Violations:  0.0
************************************

MODEL :  A1
SEED  :  9
HOST  :  7574709303cc
START :  2019-03-17 06:53:53.829149
DEVICE:  cpu
Train time: 0:29:26.175775

YEAR	AVG_RWD		VIOLATIONS
				DAY	BATT
2000	 1.26		0	 0
2001	 1.26		0	 0
2002	 1.19		0	 0
2003	 1.28		0	 0
2004	 1.17		1	 0
2005	 1.26		0	 0
2006	 1.31		0	 0
2007	 1.25		0	 0
2008	 1.29		1	 0
2009	 1.26		0	 0
2010	 1.21		0	 0
2011	 1.23		0	 0
2012	 1.17		0	 0
2013	 1.19		0	 0
2014	 1.18		0	 0
2015	 1.22		0	 0
2016	 1.28		1	 0
2017	 1.2		1	 0
2018	 1.21		0	 0

TOTAL Day Violations:   4.0
TOTAL Batt Violations:  0.0
************************************
