
MODEL :  A3
SEED  :  0
HOST  :  7574709303cc
START :  2019-03-17 07:25:42.998980
DEVICE:  cpu
Train time: 0:30:06.230329

YEAR	AVG_RWD		VIOLATIONS
				DAY	BATT
2000	 1.08		0	 0
2001	 1.13		0	 0
2002	 0.98		0	 0
2003	 1.09		0	 0
2004	 1.01		0	 0
2005	 1.15		0	 0
2006	 1.1		0	 0
2007	 1.08		0	 0
2008	 1.12		0	 0
2009	 1.08		0	 0
2010	 1.07		0	 0
2011	 1.12		0	 0
2012	 1.02		0	 0
2013	 1.03		0	 0
2014	 0.98		0	 0
2015	 1.02		0	 0
2016	 1.09		0	 0
2017	 1.05		0	 0
2018	 0.99		0	 0

TOTAL Day Violations:   0.0
TOTAL Batt Violations:  0.0
************************************

MODEL :  A3
SEED  :  1
HOST  :  7574709303cc
START :  2019-03-17 07:25:42.998975
DEVICE:  cpu
Train time: 0:29:53.524751

YEAR	AVG_RWD		VIOLATIONS
				DAY	BATT
2000	 1.37		0	 0
2001	 1.37		0	 0
2002	 1.28		0	 0
2003	 1.35		0	 0
2004	 1.27		0	 0
2005	 1.34		0	 0
2006	 1.38		0	 0
2007	 1.35		0	 0
2008	 1.36		0	 0
2009	 1.37		0	 0
2010	 1.32		0	 0
2011	 1.33		0	 0
2012	 1.28		0	 0
2013	 1.31		0	 0
2014	 1.3		0	 0
2015	 1.32		0	 0
2016	 1.37		0	 0
2017	 1.32		0	 0
2018	 1.31		0	 0

TOTAL Day Violations:   0.0
TOTAL Batt Violations:  0.0
************************************

MODEL :  A3
SEED  :  2
HOST  :  7574709303cc
START :  2019-03-17 07:25:43.101876
DEVICE:  cpu
Train time: 0:30:18.969230

YEAR	AVG_RWD		VIOLATIONS
				DAY	BATT
2000	 1.42		0	 0
2001	 1.46		0	 0
2002	 1.33		1	 0
2003	 1.41		0	 0
2004	 1.33		4	 0
2005	 1.46		1	 0
2006	 1.42		0	 0
2007	 1.4		3	 1
2008	 1.43		1	 0
2009	 1.41		0	 0
2010	 1.38		2	 0
2011	 1.44		3	 0
2012	 1.34		4	 0
2013	 1.38		5	 0
2014	 1.32		5	 0
2015	 1.35		2	 0
2016	 1.42		4	 0
2017	 1.39		2	 0
2018	 1.37		5	 0

TOTAL Day Violations:   42.0
TOTAL Batt Violations:  1.0
************************************

MODEL :  A3
SEED  :  3
HOST  :  7574709303cc
START :  2019-03-17 07:25:42.989219
DEVICE:  cpu
Train time: 0:29:50.261496

YEAR	AVG_RWD		VIOLATIONS
				DAY	BATT
2000	 1.15		0	 0
2001	 1.13		0	 0
2002	 1.09		1	 0
2003	 1.16		1	 0
2004	 1.05		5	 0
2005	 1.17		1	 0
2006	 1.2		0	 0
2007	 1.13		3	 0
2008	 1.18		2	 0
2009	 1.14		0	 0
2010	 1.09		3	 0
2011	 1.09		5	 0
2012	 1.08		2	 0
2013	 1.09		4	 0
2014	 1.07		5	 0
2015	 1.1		2	 0
2016	 1.14		6	 0
2017	 1.08		5	 0
2018	 1.08		5	 0

TOTAL Day Violations:   50.0
TOTAL Batt Violations:  0.0
************************************

MODEL :  A3
SEED  :  4
HOST  :  7574709303cc
START :  2019-03-17 07:25:43.057476
DEVICE:  cpu
Train time: 0:30:21.337125

YEAR	AVG_RWD		VIOLATIONS
				DAY	BATT
2000	 1.37		3	 0
2001	 1.37		2	 0
2002	 1.31		7	 0
2003	 1.41		1	 0
2004	 1.28		9	 3
2005	 1.4		3	 0
2006	 1.44		0	 0
2007	 1.38		6	 1
2008	 1.4		1	 0
2009	 1.39		1	 0
2010	 1.33		8	 2
2011	 1.37		8	 0
2012	 1.3		6	 0
2013	 1.32		10	 2
2014	 1.29		9	 2
2015	 1.34		7	 1
2016	 1.39		5	 1
2017	 1.32		12	 0
2018	 1.31		8	 8

TOTAL Day Violations:   106.0
TOTAL Batt Violations:  20.0
************************************

MODEL :  A3
SEED  :  5
HOST  :  7574709303cc
START :  2019-03-17 07:25:43.137612
DEVICE:  cpu
Train time: 0:30:02.901749

YEAR	AVG_RWD		VIOLATIONS
				DAY	BATT
2000	 1.15		0	 0
2001	 1.24		0	 0
2002	 1.09		0	 0
2003	 1.18		1	 0
2004	 1.11		0	 0
2005	 1.25		0	 0
2006	 1.2		0	 0
2007	 1.18		0	 0
2008	 1.22		0	 0
2009	 1.18		0	 0
2010	 1.17		0	 0
2011	 1.21		0	 0
2012	 1.12		0	 0
2013	 1.15		0	 0
2014	 1.1		0	 0
2015	 1.12		0	 0
2016	 1.2		0	 0
2017	 1.15		0	 0
2018	 1.14		0	 0

TOTAL Day Violations:   1.0
TOTAL Batt Violations:  0.0
************************************

MODEL :  A3
SEED  :  6
HOST  :  7574709303cc
START :  2019-03-17 07:25:43.159779
DEVICE:  cpu
Train time: 0:30:05.308242

YEAR	AVG_RWD		VIOLATIONS
				DAY	BATT
2000	 1.15		0	 0
2001	 1.23		0	 0
2002	 1.03		1	 0
2003	 1.17		2	 0
2004	 1.1		0	 0
2005	 1.28		0	 0
2006	 1.15		0	 0
2007	 1.15		1	 0
2008	 1.22		0	 0
2009	 1.16		0	 0
2010	 1.13		0	 0
2011	 1.24		0	 0
2012	 1.11		0	 0
2013	 1.12		2	 0
2014	 1.06		0	 0
2015	 1.06		1	 0
2016	 1.18		1	 0
2017	 1.17		0	 0
2018	 1.09		1	 0

TOTAL Day Violations:   9.0
TOTAL Batt Violations:  0.0
************************************

MODEL :  A3
SEED  :  7
HOST  :  7574709303cc
START :  2019-03-17 07:25:43.018782
DEVICE:  cpu
Train time: 0:30:15.610578

YEAR	AVG_RWD		VIOLATIONS
				DAY	BATT
2000	 1.47		0	 0
2001	 1.52		0	 0
2002	 1.38		0	 0
2003	 1.45		0	 0
2004	 1.4		0	 0
2005	 1.52		0	 0
2006	 1.47		0	 0
2007	 1.48		0	 0
2008	 1.48		0	 0
2009	 1.47		0	 0
2010	 1.43		0	 0
2011	 1.51		0	 0
2012	 1.43		0	 0
2013	 1.46		0	 0
2014	 1.4		0	 0
2015	 1.45		0	 0
2016	 1.5		0	 0
2017	 1.47		0	 0
2018	 1.47		0	 0

TOTAL Day Violations:   0.0
TOTAL Batt Violations:  0.0
************************************

MODEL :  A3
SEED  :  8
HOST  :  7574709303cc
START :  2019-03-17 07:25:43.016833
DEVICE:  cpu
Train time: 0:30:09.526279

YEAR	AVG_RWD		VIOLATIONS
				DAY	BATT
2000	 1.45		0	 0
2001	 1.48		0	 0
2002	 1.37		0	 0
2003	 1.43		0	 0
2004	 1.39		0	 0
2005	 1.46		0	 0
2006	 1.45		0	 0
2007	 1.46		0	 0
2008	 1.44		0	 0
2009	 1.43		0	 0
2010	 1.4		0	 0
2011	 1.46		0	 0
2012	 1.4		0	 0
2013	 1.41		0	 0
2014	 1.39		0	 0
2015	 1.41		0	 0
2016	 1.46		0	 0
2017	 1.4		0	 0
2018	 1.46		0	 0

TOTAL Day Violations:   0.0
TOTAL Batt Violations:  0.0
************************************

MODEL :  A3
SEED  :  9
HOST  :  7574709303cc
START :  2019-03-17 07:25:43.117966
DEVICE:  cpu
Train time: 0:29:41.070035

YEAR	AVG_RWD		VIOLATIONS
				DAY	BATT
2000	 1.42		0	 0
2001	 1.43		0	 0
2002	 1.34		0	 0
2003	 1.45		0	 0
2004	 1.33		1	 0
2005	 1.48		0	 0
2006	 1.45		0	 0
2007	 1.43		2	 0
2008	 1.47		0	 0
2009	 1.43		0	 0
2010	 1.37		1	 0
2011	 1.41		0	 0
2012	 1.36		1	 0
2013	 1.37		1	 0
2014	 1.35		0	 0
2015	 1.36		1	 0
2016	 1.43		0	 0
2017	 1.36		0	 0
2018	 1.36		0	 0

TOTAL Day Violations:   7.0
TOTAL Batt Violations:  0.0
************************************
