
MODEL :  A4
SEED  :  0
HOST  :  7574709303cc
START :  2019-03-17 07:59:41.480451
DEVICE:  cpu
Train time: 0:30:20.379746

YEAR	AVG_RWD		VIOLATIONS
				DAY	BATT
2000	 1.13		0	 0
2001	 1.12		1	 0
2002	 1.08		1	 0
2003	 1.15		1	 0
2004	 1.04		4	 0
2005	 1.14		1	 0
2006	 1.18		1	 0
2007	 1.1		6	 0
2008	 1.15		2	 0
2009	 1.12		1	 0
2010	 1.07		3	 0
2011	 1.07		1	 0
2012	 1.05		5	 0
2013	 1.05		7	 0
2014	 1.05		4	 0
2015	 1.08		2	 0
2016	 1.12		7	 0
2017	 1.04		2	 0
2018	 1.05		6	 0

TOTAL Day Violations:   55.0
TOTAL Batt Violations:  0.0
************************************

MODEL :  A4
SEED  :  1
HOST  :  7574709303cc
START :  2019-03-17 07:59:41.464710
DEVICE:  cpu
Train time: 0:30:29.615192

YEAR	AVG_RWD		VIOLATIONS
				DAY	BATT
2000	 1.38		0	 0
2001	 1.41		0	 0
2002	 1.32		0	 0
2003	 1.37		0	 0
2004	 1.32		0	 0
2005	 1.37		0	 0
2006	 1.4		0	 0
2007	 1.39		0	 0
2008	 1.36		0	 0
2009	 1.38		0	 0
2010	 1.36		0	 0
2011	 1.37		1	 0
2012	 1.33		0	 0
2013	 1.37		0	 0
2014	 1.34		0	 0
2015	 1.39		0	 0
2016	 1.4		1	 0
2017	 1.36		0	 0
2018	 1.38		0	 0

TOTAL Day Violations:   2.0
TOTAL Batt Violations:  0.0
************************************

MODEL :  A4
SEED  :  2
HOST  :  7574709303cc
START :  2019-03-17 07:59:41.463761
DEVICE:  cpu
Train time: 0:30:05.210649

YEAR	AVG_RWD		VIOLATIONS
				DAY	BATT
2000	 1.17		0	 0
2001	 1.2		0	 0
2002	 1.11		2	 1
2003	 1.23		1	 0
2004	 1.06		6	 1
2005	 1.2		1	 0
2006	 1.28		0	 0
2007	 1.13		4	 2
2008	 1.18		2	 0
2009	 1.19		1	 0
2010	 1.1		3	 0
2011	 1.14		5	 0
2012	 1.03		2	 0
2013	 1.07		8	 0
2014	 1.02		6	 0
2015	 1.13		4	 0
2016	 1.18		8	 3
2017	 1.1		6	 0
2018	 1.05		7	 1

TOTAL Day Violations:   66.0
TOTAL Batt Violations:  8.0
************************************

MODEL :  A4
SEED  :  3
HOST  :  7574709303cc
START :  2019-03-17 07:59:41.496004
DEVICE:  cpu
Train time: 0:30:46.674794

YEAR	AVG_RWD		VIOLATIONS
				DAY	BATT
2000	 1.3		0	 0
2001	 1.32		0	 0
2002	 1.23		0	 0
2003	 1.27		0	 0
2004	 1.24		1	 0
2005	 1.29		0	 0
2006	 1.3		0	 0
2007	 1.29		0	 0
2008	 1.29		0	 0
2009	 1.3		0	 0
2010	 1.27		0	 0
2011	 1.3		0	 0
2012	 1.26		0	 0
2013	 1.27		0	 0
2014	 1.27		1	 0
2015	 1.29		0	 0
2016	 1.31		0	 0
2017	 1.28		0	 0
2018	 1.3		0	 0

TOTAL Day Violations:   2.0
TOTAL Batt Violations:  0.0
************************************

MODEL :  A4
SEED  :  4
HOST  :  7574709303cc
START :  2019-03-17 07:59:41.479867
DEVICE:  cpu
Train time: 0:30:57.494149

YEAR	AVG_RWD		VIOLATIONS
				DAY	BATT
2000	 1.31		0	 0
2001	 1.31		0	 0
2002	 1.23		1	 0
2003	 1.33		1	 0
2004	 1.2		4	 0
2005	 1.32		0	 0
2006	 1.36		0	 0
2007	 1.29		2	 0
2008	 1.32		1	 0
2009	 1.32		0	 0
2010	 1.24		3	 0
2011	 1.28		4	 0
2012	 1.23		2	 0
2013	 1.24		4	 0
2014	 1.22		5	 0
2015	 1.25		2	 0
2016	 1.32		4	 0
2017	 1.24		1	 0
2018	 1.25		5	 0

TOTAL Day Violations:   39.0
TOTAL Batt Violations:  0.0
************************************

MODEL :  A4
SEED  :  5
HOST  :  7574709303cc
START :  2019-03-17 07:59:41.440939
DEVICE:  cpu
Train time: 0:30:40.129899

YEAR	AVG_RWD		VIOLATIONS
				DAY	BATT
2000	 1.25		0	 0
2001	 1.29		0	 0
2002	 1.17		0	 0
2003	 1.28		0	 0
2004	 1.21		0	 0
2005	 1.35		0	 0
2006	 1.29		0	 0
2007	 1.28		0	 0
2008	 1.32		0	 0
2009	 1.27		0	 0
2010	 1.26		0	 0
2011	 1.3		0	 0
2012	 1.22		0	 0
2013	 1.23		0	 0
2014	 1.2		0	 0
2015	 1.2		0	 0
2016	 1.3		0	 0
2017	 1.25		0	 0
2018	 1.21		0	 0

TOTAL Day Violations:   0.0
TOTAL Batt Violations:  0.0
************************************

MODEL :  A4
SEED  :  6
HOST  :  7574709303cc
START :  2019-03-17 07:59:41.537287
DEVICE:  cpu
Train time: 0:26:54.383394

YEAR	AVG_RWD		VIOLATIONS
				DAY	BATT
2000	 1.31		0	 0
2001	 1.3		0	 0
2002	 1.25		0	 0
2003	 1.32		0	 0
2004	 1.23		0	 0
2005	 1.37		0	 0
2006	 1.36		0	 0
2007	 1.3		0	 0
2008	 1.38		0	 0
2009	 1.31		0	 0
2010	 1.26		0	 0
2011	 1.3		0	 0
2012	 1.25		0	 0
2013	 1.25		1	 0
2014	 1.22		2	 0
2015	 1.25		1	 0
2016	 1.31		0	 0
2017	 1.26		0	 0
2018	 1.24		1	 0

TOTAL Day Violations:   5.0
TOTAL Batt Violations:  0.0
************************************

MODEL :  A4
SEED  :  7
HOST  :  7574709303cc
START :  2019-03-17 07:59:41.456647
DEVICE:  cpu
Train time: 0:30:29.029963

YEAR	AVG_RWD		VIOLATIONS
				DAY	BATT
2000	 1.45		0	 0
2001	 1.47		0	 0
2002	 1.4		0	 0
2003	 1.46		0	 0
2004	 1.39		0	 0
2005	 1.51		0	 0
2006	 1.49		0	 0
2007	 1.48		0	 0
2008	 1.5		0	 0
2009	 1.46		0	 0
2010	 1.42		0	 0
2011	 1.47		0	 0
2012	 1.41		0	 0
2013	 1.44		0	 0
2014	 1.38		0	 0
2015	 1.43		0	 0
2016	 1.47		0	 0
2017	 1.43		0	 0
2018	 1.43		0	 0

TOTAL Day Violations:   0.0
TOTAL Batt Violations:  0.0
************************************

MODEL :  A4
SEED  :  8
HOST  :  7574709303cc
START :  2019-03-17 07:59:41.527341
DEVICE:  cpu
Train time: 0:29:58.669259

YEAR	AVG_RWD		VIOLATIONS
				DAY	BATT
2000	 1.31		0	 0
2001	 1.33		0	 0
2002	 1.27		0	 0
2003	 1.31		0	 0
2004	 1.22		0	 0
2005	 1.29		0	 0
2006	 1.35		0	 0
2007	 1.31		1	 0
2008	 1.32		0	 0
2009	 1.31		0	 0
2010	 1.28		0	 0
2011	 1.27		0	 0
2012	 1.23		0	 0
2013	 1.26		0	 0
2014	 1.23		0	 0
2015	 1.29		0	 0
2016	 1.32		1	 0
2017	 1.25		0	 0
2018	 1.28		0	 0

TOTAL Day Violations:   2.0
TOTAL Batt Violations:  0.0
************************************

MODEL :  A4
SEED  :  9
HOST  :  7574709303cc
START :  2019-03-17 07:59:41.510861
DEVICE:  cpu
Train time: 0:30:21.265071

YEAR	AVG_RWD		VIOLATIONS
				DAY	BATT
2000	 1.41		0	 0
2001	 1.41		0	 0
2002	 1.31		1	 0
2003	 1.42		0	 0
2004	 1.33		2	 0
2005	 1.45		0	 0
2006	 1.43		0	 0
2007	 1.42		2	 0
2008	 1.45		0	 0
2009	 1.42		0	 0
2010	 1.36		1	 0
2011	 1.4		2	 0
2012	 1.34		1	 0
2013	 1.36		4	 0
2014	 1.32		2	 0
2015	 1.34		2	 0
2016	 1.43		0	 0
2017	 1.36		2	 0
2018	 1.34		3	 0

TOTAL Day Violations:   22.0
TOTAL Batt Violations:  0.0
************************************
