
MODEL :  S3
SEED  :  0
HOST  :  7574709303cc
START :  2019-03-17 08:30:56.083771
DEVICE:  cpu
Train time: 0:30:11.077122

YEAR	AVG_RWD		VIOLATIONS
				DAY	BATT
2000	 1.38		0	 0
2001	 1.41		0	 0
2002	 1.3		0	 0
2003	 1.41		0	 0
2004	 1.29		1	 0
2005	 1.44		0	 0
2006	 1.42		0	 0
2007	 1.39		0	 0
2008	 1.43		0	 0
2009	 1.37		0	 0
2010	 1.33		0	 0
2011	 1.39		0	 0
2012	 1.32		0	 0
2013	 1.32		0	 0
2014	 1.29		1	 0
2015	 1.34		0	 0
2016	 1.39		0	 0
2017	 1.33		0	 0
2018	 1.3		1	 0

TOTAL Day Violations:   3.0
TOTAL Batt Violations:  0.0
************************************

MODEL :  S3
SEED  :  1
HOST  :  7574709303cc
START :  2019-03-17 08:30:56.028015
DEVICE:  cpu
Train time: 0:30:11.946207

YEAR	AVG_RWD		VIOLATIONS
				DAY	BATT
2000	 1.21		0	 0
2001	 1.21		0	 0
2002	 1.16		0	 0
2003	 1.18		0	 0
2004	 1.12		2	 0
2005	 1.19		0	 0
2006	 1.2		0	 0
2007	 1.18		1	 0
2008	 1.18		0	 0
2009	 1.19		0	 0
2010	 1.17		1	 0
2011	 1.14		1	 0
2012	 1.15		1	 0
2013	 1.19		0	 0
2014	 1.16		1	 0
2015	 1.19		0	 0
2016	 1.21		1	 0
2017	 1.14		0	 0
2018	 1.18		0	 0

TOTAL Day Violations:   8.0
TOTAL Batt Violations:  0.0
************************************

MODEL :  S3
SEED  :  2
HOST  :  7574709303cc
START :  2019-03-17 08:30:56.027791
DEVICE:  cpu
Train time: 0:29:57.165597

YEAR	AVG_RWD		VIOLATIONS
				DAY	BATT
2000	 1.13		0	 0
2001	 1.12		1	 0
2002	 1.08		1	 2
2003	 1.13		1	 0
2004	 1.02		5	 3
2005	 1.12		1	 2
2006	 1.16		0	 0
2007	 1.09		4	 3
2008	 1.12		4	 1
2009	 1.12		2	 0
2010	 1.06		3	 2
2011	 1.05		6	 4
2012	 1.05		2	 3
2013	 1.05		6	 2
2014	 1.05		7	 2
2015	 1.09		2	 1
2016	 1.13		6	 4
2017	 1.05		5	 4
2018	 1.05		7	 4

TOTAL Day Violations:   63.0
TOTAL Batt Violations:  37.0
************************************

MODEL :  S3
SEED  :  3
HOST  :  7574709303cc
START :  2019-03-17 08:30:56.083782
DEVICE:  cpu
Train time: 0:30:10.009805

YEAR	AVG_RWD		VIOLATIONS
				DAY	BATT
2000	 1.4		0	 0
2001	 1.42		0	 0
2002	 1.31		0	 0
2003	 1.39		0	 0
2004	 1.31		0	 0
2005	 1.43		0	 0
2006	 1.41		0	 0
2007	 1.39		1	 0
2008	 1.4		0	 0
2009	 1.4		0	 0
2010	 1.35		0	 0
2011	 1.39		0	 0
2012	 1.33		0	 0
2013	 1.35		0	 0
2014	 1.34		0	 0
2015	 1.36		0	 0
2016	 1.37		2	 0
2017	 1.32		0	 0
2018	 1.33		0	 0

TOTAL Day Violations:   3.0
TOTAL Batt Violations:  0.0
************************************

MODEL :  S3
SEED  :  4
HOST  :  7574709303cc
START :  2019-03-17 08:30:56.076174
DEVICE:  cpu
Train time: 0:26:13.159216

YEAR	AVG_RWD		VIOLATIONS
				DAY	BATT
2000	 1.28		5	 0
2001	 1.29		2	 0
2002	 1.21		4	 0
2003	 1.28		1	 0
2004	 1.19		10	 1
2005	 1.32		2	 0
2006	 1.34		2	 0
2007	 1.28		6	 1
2008	 1.3		2	 0
2009	 1.27		4	 0
2010	 1.22		11	 1
2011	 1.26		9	 1
2012	 1.22		8	 0
2013	 1.25		14	 1
2014	 1.2		11	 2
2015	 1.25		8	 0
2016	 1.3		12	 1
2017	 1.25		14	 0
2018	 1.22		16	 3

TOTAL Day Violations:   141.0
TOTAL Batt Violations:  11.0
************************************

MODEL :  S3
SEED  :  5
HOST  :  7574709303cc
START :  2019-03-17 08:30:56.064489
DEVICE:  cpu
Train time: 0:29:39.651378

YEAR	AVG_RWD		VIOLATIONS
				DAY	BATT
2000	 1.3		0	 0
2001	 1.39		0	 0
2002	 1.21		0	 0
2003	 1.29		1	 0
2004	 1.29		0	 0
2005	 1.42		0	 0
2006	 1.32		0	 0
2007	 1.35		0	 0
2008	 1.37		0	 0
2009	 1.32		0	 0
2010	 1.33		0	 0
2011	 1.41		0	 0
2012	 1.32		0	 0
2013	 1.34		0	 0
2014	 1.26		0	 0
2015	 1.28		0	 0
2016	 1.35		0	 0
2017	 1.35		0	 0
2018	 1.33		0	 0

TOTAL Day Violations:   1.0
TOTAL Batt Violations:  0.0
************************************

MODEL :  S3
SEED  :  6
HOST  :  7574709303cc
START :  2019-03-17 08:30:56.092583
DEVICE:  cpu
Train time: 0:29:59.772596

YEAR	AVG_RWD		VIOLATIONS
				DAY	BATT
2000	 1.27		0	 0
2001	 1.26		0	 0
2002	 1.19		0	 0
2003	 1.3		0	 0
2004	 1.17		0	 0
2005	 1.3		0	 0
2006	 1.34		0	 0
2007	 1.26		0	 0
2008	 1.3		0	 0
2009	 1.27		0	 0
2010	 1.21		0	 0
2011	 1.24		0	 0
2012	 1.18		0	 0
2013	 1.18		0	 0
2014	 1.17		0	 0
2015	 1.21		0	 0
2016	 1.29		0	 0
2017	 1.2		0	 0
2018	 1.18		0	 0

TOTAL Day Violations:   0.0
TOTAL Batt Violations:  0.0
************************************

MODEL :  S3
SEED  :  7
HOST  :  7574709303cc
START :  2019-03-17 08:30:56.084166
DEVICE:  cpu
Train time: 0:29:40.807473

YEAR	AVG_RWD		VIOLATIONS
				DAY	BATT
2000	 1.34		0	 0
2001	 1.36		0	 0
2002	 1.28		0	 0
2003	 1.34		0	 0
2004	 1.28		0	 0
2005	 1.36		0	 0
2006	 1.37		0	 0
2007	 1.36		0	 0
2008	 1.35		0	 0
2009	 1.35		0	 0
2010	 1.31		0	 0
2011	 1.33		0	 0
2012	 1.32		0	 0
2013	 1.3		0	 0
2014	 1.3		0	 0
2015	 1.31		0	 0
2016	 1.37		0	 0
2017	 1.29		0	 0
2018	 1.31		0	 0

TOTAL Day Violations:   0.0
TOTAL Batt Violations:  0.0
************************************

MODEL :  S3
SEED  :  8
HOST  :  7574709303cc
START :  2019-03-17 08:30:56.074719
DEVICE:  cpu
Train time: 0:29:48.757526

YEAR	AVG_RWD		VIOLATIONS
				DAY	BATT
2000	 1.31		0	 0
2001	 1.33		0	 0
2002	 1.27		1	 0
2003	 1.34		1	 0
2004	 1.24		7	 1
2005	 1.33		1	 0
2006	 1.35		0	 0
2007	 1.29		3	 1
2008	 1.34		2	 0
2009	 1.34		1	 0
2010	 1.27		4	 0
2011	 1.28		5	 0
2012	 1.24		4	 1
2013	 1.28		5	 0
2014	 1.26		6	 0
2015	 1.3		1	 0
2016	 1.31		5	 0
2017	 1.25		7	 0
2018	 1.25		8	 0

TOTAL Day Violations:   61.0
TOTAL Batt Violations:  3.0
************************************

MODEL :  S3
SEED  :  9
HOST  :  7574709303cc
START :  2019-03-17 08:30:55.993127
DEVICE:  cpu
Train time: 0:29:33.480360

YEAR	AVG_RWD		VIOLATIONS
				DAY	BATT
2000	 1.34		0	 0
2001	 1.36		0	 0
2002	 1.28		0	 0
2003	 1.35		0	 0
2004	 1.28		0	 0
2005	 1.36		0	 0
2006	 1.39		0	 0
2007	 1.35		0	 0
2008	 1.36		0	 0
2009	 1.34		0	 0
2010	 1.3		0	 0
2011	 1.33		0	 0
2012	 1.28		1	 0
2013	 1.31		0	 0
2014	 1.29		0	 0
2015	 1.32		0	 0
2016	 1.37		0	 0
2017	 1.3		0	 0
2018	 1.31		0	 0

TOTAL Day Violations:   1.0
TOTAL Batt Violations:  0.0
************************************
